<?xml version="1.0" encoding="UTF-8"?>
<!-- Generated by org.testng.reporters.JUnitXMLReporter -->
<testsuite hostname="basandan-WX-1" ignored="0" name="Test1" tests="5" failures="2" timestamp="21 Nov 2019 09:27:31 GMT" time="20.19" errors="0">
  <testcase name="googleSearch" time="4.181" classname="test.HackweekTest">
    <skipped/>
  </testcase> <!-- googleSearch -->
  <testcase name="googleSearch" time="3.45" classname="test.HackweekTest">
    <skipped/>
  </testcase> <!-- googleSearch -->
  <testcase name="googleSearch" time="1.869" classname="test.HackweekTest">
    <skipped/>
  </testcase> <!-- googleSearch -->
  <testcase name="googleSearch" time="1.947" classname="test.HackweekTest">
    <failure type="java.lang.AssertionError" message="expected [India - Google Search] but found [Test title]">
      <![CDATA[java.lang.AssertionError: expected [India - Google Search] but found [Test title]
at test.HackweekTest.googleSearch(HackweekTest.java:49)
... Removed 31 stack frames]]>
    </failure>
  </testcase> <!-- googleSearch -->
  <testcase name="loginTest" time="4.897" classname="test.HackweekTest">
    <failure type="java.lang.AssertionError" message="expected [Orange] but found [OrangeHRM]">
      <![CDATA[java.lang.AssertionError: expected [Orange] but found [OrangeHRM]
at test.HackweekTest.loginTest(HackweekTest.java:73)
... Removed 31 stack frames]]>
    </failure>
  </testcase> <!-- loginTest -->
</testsuite> <!-- Test1 -->
