<?xml version="1.0" encoding="UTF-8"?>
<!-- Generated by org.testng.reporters.JUnitXMLReporter -->
<testsuite hostname="basandan-WX-1" ignored="0" name="Test" tests="3" failures="1" timestamp="20 Nov 2019 11:25:57 GMT" time="0.028" errors="0">
  <testcase name="test1" time="0.006" classname="listeners.TestNGListenerDemo"/>
  <testcase name="test2" time="0.002" classname="listeners.TestNGListenerDemo">
    <failure type="java.lang.AssertionError" message="expected [true] but found [false]">
      <![CDATA[java.lang.AssertionError: expected [true] but found [false]
at listeners.TestNGListenerDemo.test2(TestNGListenerDemo.java:21)
... Removed 29 stack frames]]>
    </failure>
  </testcase> <!-- test2 -->
  <testcase name="test3" time="0.001" classname="listeners.TestNGListenerDemo">
    <skipped/>
  </testcase> <!-- test3 -->
</testsuite> <!-- Test -->
