<?xml version="1.0" encoding="UTF-8"?>
<!-- Generated by org.testng.reporters.JUnitXMLReporter -->
<testsuite hostname="basandan-WX-1" ignored="0" name="Default test" tests="4" failures="0" timestamp="20 Nov 2019 13:22:19 GMT" time="8.867" errors="0">
  <testcase name="googleSearch" time="3.52" classname="test.GoogleSearch_TestNG"/>
  <testcase name="testRetry1" time="0.0" classname="test.GoogleSearch_TestNG"/>
  <testcase name="testRetry2" time="0.002" classname="test.GoogleSearch_TestNG">
    <skipped/>
  </testcase> <!-- testRetry2 -->
  <testcase name="testRetry2" time="0.001" classname="test.GoogleSearch_TestNG"/>
</testsuite> <!-- Default test -->
